<?xml version="1.0" encoding="UTF-8"?>
<!-- Generated by org.testng.reporters.JUnitReportReporter -->
<testsuite hostname="DESKTOP-0FRPLG4" failures="0" tests="8" name="com.ARSHAD.phptravels.TestScript.TC001_LoginPanel" time="36.094" errors="0" timestamp="2021-04-04T19:48:56 IST" skipped="1">
  <testcase classname="com.ARSHAD.phptravels.TestScript.TC001_LoginPanel" name="validatetitle" time="0.023"/>
  <system-out/>
  <testcase classname="com.ARSHAD.phptravels.TestScript.TC001_LoginPanel" name="validate_login_exceldata" time="6.245"/>
  <system-out/>
  <testcase classname="com.ARSHAD.phptravels.TestScript.TC001_LoginPanel" name="validate_login_exceldata" time="4.903"/>
  <system-out/>
  <testcase classname="com.ARSHAD.phptravels.TestScript.TC001_LoginPanel" name="validate_login_exceldata" time="6.667"/>
  <system-out/>
  <testcase classname="com.ARSHAD.phptravels.TestScript.TC001_LoginPanel" name="validate_login_exceldata" time="7.945"/>
  <system-out/>
  <testcase classname="com.ARSHAD.phptravels.TestScript.TC001_LoginPanel" name="validate_login_exceldata" time="5.196"/>
  <system-out/>
  <testcase classname="com.ARSHAD.phptravels.TestScript.TC001_LoginPanel" name="validate_login_exceldata" time="5.115"/>
  <system-out/>
  <testcase classname="com.ARSHAD.phptravels.TestScript.TC001_LoginPanel" name="validatate_login">
    <skipped/>
  </testcase> <!-- validatate_login -->
  <system-out/>
</testsuite> <!-- com.ARSHAD.phptravels.TestScript.TC001_LoginPanel -->
