<?xml version="1.0" encoding="UTF-8"?>
<!-- Generated by org.testng.reporters.JUnitReportReporter -->
<testsuite hostname="DESKTOP-0FRPLG4" failures="0" tests="8" name="com.ARSHAD.phptravels.TestScript.TC001_LoginPanel" time="31.346" errors="0" timestamp="2021-04-04T22:39:16 IST" skipped="1">
  <testcase classname="com.ARSHAD.phptravels.TestScript.TC001_LoginPanel" name="validatetitle" time="0.046"/>
  <system-out/>
  <testcase classname="com.ARSHAD.phptravels.TestScript.TC001_LoginPanel" name="validate_login_exceldata" time="6.573"/>
  <system-out/>
  <testcase classname="com.ARSHAD.phptravels.TestScript.TC001_LoginPanel" name="validate_login_exceldata" time="5.233"/>
  <system-out/>
  <testcase classname="com.ARSHAD.phptravels.TestScript.TC001_LoginPanel" name="validate_login_exceldata" time="4.795"/>
  <system-out/>
  <testcase classname="com.ARSHAD.phptravels.TestScript.TC001_LoginPanel" name="validate_login_exceldata" time="5.795"/>
  <system-out/>
  <testcase classname="com.ARSHAD.phptravels.TestScript.TC001_LoginPanel" name="validate_login_exceldata" time="5.022"/>
  <system-out/>
  <testcase classname="com.ARSHAD.phptravels.TestScript.TC001_LoginPanel" name="validate_login_exceldata" time="3.882"/>
  <system-out/>
  <testcase classname="com.ARSHAD.phptravels.TestScript.TC001_LoginPanel" name="validatate_login">
    <skipped/>
  </testcase> <!-- validatate_login -->
  <system-out/>
</testsuite> <!-- com.ARSHAD.phptravels.TestScript.TC001_LoginPanel -->
